# JRE version: Java(TM) SE Runtime Environment (8.0_05-b13) (build 1.8.0_05-b13)
# Java VM: Java HotSpot(TM) Client VM (25.5-b02 mixed mode windows-x86 )
Heap:
 def new generation   total 79552K, used 76319K [0x03c00000, 0x09250000, 0x19150000)
  eden space 70720K, 100% used [0x03c00000, 0x08110000, 0x08110000)
  from space 8832K,  63% used [0x08110000, 0x08687fc0, 0x089b0000)
  to   space 8832K,  69% used [0x089b0000, 0x08fa7228, 0x09250000)
 tenured generation   total 176680K, used 99625K [0x19150000, 0x23dda000, 0x43c00000)
   the space 176680K,  56% used [0x19150000, 0x1f29a538, 0x1f29a600, 0x23dda000)
 Metaspace       used 45920K, capacity 47141K, committed 51968K, reserved 52608K
GC Heap History (10 events):
Event: 3466.691 GC heap after
Heap after GC invocations=207 (full 13):
 def new generation   total 79552K, used 5671K [0x03c00000, 0x09250000, 0x19150000)
  eden space 70720K,   0% used [0x03c00000, 0x03c00000, 0x08110000)
  from space 8832K,  64% used [0x089b0000, 0x08f39c00, 0x09250000)
  to   space 8832K,   0% used [0x08110000, 0x08110000, 0x089b0000)
 tenured generation   total 176680K, used 98163K [0x19150000, 0x23dda000, 0x43c00000)
   the space 176680K,  55% used [0x19150000, 0x1f12ce00, 0x1f12ce00, 0x23dda000)
 Metaspace       used 44356K, capacity 45484K, committed 52992K, reserved 53632K
}
Event: 3467.264 GC heap before
{Heap before GC invocations=207 (full 13):
 def new generation   total 79552K, used 12882K [0x03c00000, 0x09250000, 0x19150000)
  eden space 70720K,  10% used [0x03c00000, 0x0430ae08, 0x08110000)
  from space 8832K,  64% used [0x089b0000, 0x08f39c00, 0x09250000)
  to   space 8832K,   0% used [0x08110000, 0x08110000, 0x089b0000)
 tenured generation   total 176680K, used 98163K [0x19150000, 0x23dda000, 0x43c00000)
   the space 176680K,  55% used [0x19150000, 0x1f12ce00, 0x1f12ce00, 0x23dda000)
 Metaspace       used 44513K, capacity 45631K, committed 52992K, reserved 53632K
Event: 3467.912 GC heap after
Heap after GC invocations=208 (full 14):
 def new generation   total 79552K, used 0K [0x03c00000, 0x09250000, 0x19150000)
  eden space 70720K,   0% used [0x03c00000, 0x03c00000, 0x08110000)
  from space 8832K,   0% used [0x089b0000, 0x089b0000, 0x09250000)
  to   space 8832K,   0% used [0x08110000, 0x08110000, 0x089b0000)
 tenured generation   total 176680K, used 79977K [0x19150000, 0x23dda000, 0x43c00000)
   the space 176680K,  45% used [0x19150000, 0x1df6a558, 0x1df6a600, 0x23dda000)
 Metaspace       used 40389K, capacity 41281K, committed 51968K, reserved 52608K
}
Event: 3573.385 GC heap before
{Heap before GC invocations=208 (full 14):
 def new generation   total 79552K, used 70720K [0x03c00000, 0x09250000, 0x19150000)
  eden space 70720K, 100% used [0x03c00000, 0x08110000, 0x08110000)
  from space 8832K,   0% used [0x089b0000, 0x089b0000, 0x09250000)
  to   space 8832K,   0% used [0x08110000, 0x08110000, 0x089b0000)
 tenured generation   total 176680K, used 79977K [0x19150000, 0x23dda000, 0x43c00000)
   the space 176680K,  45% used [0x19150000, 0x1df6a558, 0x1df6a600, 0x23dda000)
 Metaspace       used 41972K, capacity 42967K, committed 51968K, reserved 52608K
Event: 3573.444 GC heap after
Heap after GC invocations=209 (full 14):
 def new generation   total 79552K, used 8832K [0x03c00000, 0x09250000, 0x19150000)
  eden space 70720K,   0% used [0x03c00000, 0x03c00000, 0x08110000)
  from space 8832K, 100% used [0x08110000, 0x089b0000, 0x089b0000)
  to   space 8832K,   0% used [0x089b0000, 0x089b0000, 0x09250000)
 tenured generation   total 176680K, used 80928K [0x19150000, 0x23dda000, 0x43c00000)
   the space 176680K,  45% used [0x19150000, 0x1e0582a8, 0x1e058400, 0x23dda000)
 Metaspace       used 41972K, capacity 42967K, committed 51968K, reserved 52608K
}
Event: 3575.217 GC heap before
{Heap before GC invocations=209 (full 14):
 def new generation   total 79552K, used 79552K [0x03c00000, 0x09250000, 0x19150000)
  eden space 70720K, 100% used [0x03c00000, 0x08110000, 0x08110000)
  from space 8832K, 100% used [0x08110000, 0x089b0000, 0x089b0000)
  to   space 8832K,   0% used [0x089b0000, 0x089b0000, 0x09250000)
 tenured generation   total 176680K, used 80928K [0x19150000, 0x23dda000, 0x43c00000)
   the space 176680K,  45% used [0x19150000, 0x1e0582a8, 0x1e058400, 0x23dda000)
 Metaspace       used 43456K, capacity 44442K, committed 51968K, reserved 52608K
Event: 3575.321 GC heap after
Heap after GC invocations=210 (full 14):
 def new generation   total 79552K, used 8832K [0x03c00000, 0x09250000, 0x19150000)
  eden space 70720K,   0% used [0x03c00000, 0x03c00000, 0x08110000)
  from space 8832K, 100% used [0x089b0000, 0x09250000, 0x09250000)
  to   space 8832K,   0% used [0x08110000, 0x08110000, 0x089b0000)
 tenured generation   total 176680K, used 89474K [0x19150000, 0x23dda000, 0x43c00000)
   the space 176680K,  50% used [0x19150000, 0x1e8b0b98, 0x1e8b0c00, 0x23dda000)
 Metaspace       used 43456K, capacity 44442K, committed 51968K, reserved 52608K
}
Event: 3584.938 GC heap before
{Heap before GC invocations=210 (full 14):
 def new generation   total 79552K, used 79552K [0x03c00000, 0x09250000, 0x19150000)
  eden space 70720K, 100% used [0x03c00000, 0x08110000, 0x08110000)
  from space 8832K, 100% used [0x089b0000, 0x09250000, 0x09250000)
  to   space 8832K,   0% used [0x08110000, 0x08110000, 0x089b0000)
 tenured generation   total 176680K, used 89474K [0x19150000, 0x23dda000, 0x43c00000)
   the space 176680K,  50% used [0x19150000, 0x1e8b0b98, 0x1e8b0c00, 0x23dda000)
 Metaspace       used 44323K, capacity 45416K, committed 51968K, reserved 52608K
Event: 3585.010 GC heap after
Heap after GC invocations=211 (full 14):
 def new generation   total 79552K, used 5599K [0x03c00000, 0x09250000, 0x19150000)
  eden space 70720K,   0% used [0x03c00000, 0x03c00000, 0x08110000)
  from space 8832K,  63% used [0x08110000, 0x08687fc0, 0x089b0000)
  to   space 8832K,   0% used [0x089b0000, 0x089b0000, 0x09250000)
 tenured generation   total 176680K, used 98296K [0x19150000, 0x23dda000, 0x43c00000)
   the space 176680K,  55% used [0x19150000, 0x1f14e050, 0x1f14e200, 0x23dda000)
 Metaspace       used 44323K, capacity 45416K, committed 51968K, reserved 52608K
}
Event: 7563.236 GC heap before
{Heap before GC invocations=211 (full 14):
 def new generation   total 79552K, used 76319K [0x03c00000, 0x09250000, 0x19150000)
  eden space 70720K, 100% used [0x03c00000, 0x08110000, 0x08110000)
  from space 8832K,  63% used [0x08110000, 0x08687fc0, 0x089b0000)
  to   space 8832K,   0% used [0x089b0000, 0x089b0000, 0x09250000)
 tenured generation   total 176680K, used 98296K [0x19150000, 0x23dda000, 0x43c00000)
   the space 176680K,  55% used [0x19150000, 0x1f14e050, 0x1f14e200, 0x23dda000)
 Metaspace       used 45920K, capacity 47141K, committed 51968K, reserved 52608K

